<?xml version="1.0" encoding="UTF-8"?>
<!-- Generated by org.testng.reporters.JUnitXMLReporter -->
<testsuite ignored="0" hostname="Chandras-MacBook-Pro.local" failures="0" tests="2" name="Surefire test" time="230.541" errors="0" timestamp="2026-06-23T23:04:16 IST">
  <testcase classname="io.cucumber.testng.AbstractTestNGCucumberTests" name="runScenario" time="11.269"/>
  <testcase classname="io.cucumber.testng.AbstractTestNGCucumberTests" name="runScenario" time="219.018"/>
</testsuite> <!-- Surefire test -->
