<?xml version="1.0" encoding="UTF-8"?>
<testng-results ignored="0" total="2" passed="2" failed="0" skipped="0">
  <reporter-output>
  </reporter-output>
  <suite started-at="2026-06-23T23:00:26 IST" name="Surefire suite" finished-at="2026-06-23T23:04:16 IST" duration-ms="230541">
    <groups>
      <group name="cucumber">
        <method signature="AbstractTestNGCucumberTests.runScenario(io.cucumber.testng.PickleWrapper,io.cucumber.testng.FeatureWrapper)[pri:0, instance:cucumberOptions.TestRunner@771a660]" name="runScenario" class="io.cucumber.testng.AbstractTestNGCucumberTests"/>
      </group> <!-- cucumber -->
    </groups>
    <test started-at="2026-06-23T23:00:26 IST" name="Surefire test" finished-at="2026-06-23T23:04:16 IST" duration-ms="230541">
      <class name="cucumberOptions.TestRunner">
        <test-method is-config="true" signature="setUpClass(org.testng.ITestContext)[pri:0, instance:cucumberOptions.TestRunner@771a660]" started-at="2026-06-23T23:00:26 IST" name="setUpClass" finished-at="2026-06-23T23:00:26 IST" duration-ms="213" status="PASS">
          <params>
            <param index="0">
              <value>
                <![CDATA[org.testng.TestRunner@78d9f51b]]>
              </value>
            </param>
          </params>
          <reporter-output>
          </reporter-output>
        </test-method> <!-- setUpClass -->
        <test-method signature="runScenario(io.cucumber.testng.PickleWrapper,io.cucumber.testng.FeatureWrapper)[pri:0, instance:cucumberOptions.TestRunner@771a660]" started-at="2026-06-23T23:00:26 IST" name="runScenario" description="Runs Cucumber Scenarios" data-provider="scenarios" finished-at="2026-06-23T23:00:37 IST" duration-ms="11269" status="PASS">
          <params>
            <param index="0">
              <value>
                <![CDATA["confirmation for home page"]]>
              </value>
            </param>
            <param index="1">
              <value>
                <![CDATA["Search functionality on Amazon"]]>
              </value>
            </param>
          </params>
          <reporter-output>
          </reporter-output>
        </test-method> <!-- runScenario -->
        <test-method signature="runScenario(io.cucumber.testng.PickleWrapper,io.cucumber.testng.FeatureWrapper)[pri:0, instance:cucumberOptions.TestRunner@771a660]" started-at="2026-06-23T23:00:37 IST" name="runScenario" description="Runs Cucumber Scenarios" data-provider="scenarios" finished-at="2026-06-23T23:04:16 IST" duration-ms="219018" status="PASS">
          <params>
            <param index="0">
              <value>
                <![CDATA["confirmatio"]]>
              </value>
            </param>
            <param index="1">
              <value>
                <![CDATA["Filters applied"]]>
              </value>
            </param>
          </params>
          <reporter-output>
          </reporter-output>
        </test-method> <!-- runScenario -->
        <test-method is-config="true" signature="tearDownClass()[pri:0, instance:cucumberOptions.TestRunner@771a660]" started-at="2026-06-23T23:04:16 IST" name="tearDownClass" finished-at="2026-06-23T23:04:16 IST" duration-ms="22" status="PASS">
          <reporter-output>
          </reporter-output>
        </test-method> <!-- tearDownClass -->
      </class> <!-- cucumberOptions.TestRunner -->
    </test> <!-- Surefire test -->
  </suite> <!-- Surefire suite -->
</testng-results>
