<?xml version="1.0" encoding="UTF-8"?>
<testsuite xmlns:xsi="http://www.w3.org/2001/XMLSchema-instance" xsi:noNamespaceSchemaLocation="https://maven.apache.org/surefire/maven-surefire-plugin/xsd/surefire-test-report.xsd" version="3.0.1" name="cucumberOptions.TestRunner" time="230.768" tests="2" errors="0" skipped="0" failures="0">
  <properties>
[...]
</properties>
  <testcase name="runScenario[&quot;confirmation for home page&quot;, &quot;Search functionality on Amazon&quot;](1)" classname="cucumberOptions.TestRunner" time="11.269">
    <system-out><![CDATA[
@search
&amp#27;[1mScenario:&amp#27;[22m confirmation for home page          &amp#27;[90m# src/test/resources/features/A_HomePageSelect.feature:4&amp#27;[39m
  &amp#27;[32m✔&amp#27;[39m &amp#27;[32m&amp#27;[1mGiven &amp#27;[22mUser is on home page&amp#27;[39m                &amp#27;[90m# stepDefinations.A_HomePage.user_is_on_home_page()&amp#27;[39m
  &amp#27;[32m✔&amp#27;[39m &amp#27;[32m&amp#27;[1mWhen &amp#27;[22muser searches for a product&amp#27;[39m          &amp#27;[90m# stepDefinations.A_HomePage.user_searches_for_a_product()&amp#27;[39m
Products found: 22
  &amp#27;[32m✔&amp#27;[39m &amp#27;[32m&amp#27;[1mThen &amp#27;[22muser sees all the available products&amp#27;[39m &amp#27;[90m# stepDefinations.A_HomePage.user_sees_all_the_available_products()&amp#27;[39m
]]></system-out>
    <system-err><![CDATA[SLF4J(W): No SLF4J providers were found.
SLF4J(W): Defaulting to no-operation (NOP) logger implementation
SLF4J(W): See https://www.slf4j.org/codes.html#noProviders for further details.
Jun 23, 2026 11:00:27 PM org.openqa.selenium.devtools.CdpVersionFinder findNearestMatch
WARNING: Unable to find CDP implementation matching 150
Jun 23, 2026 11:00:27 PM org.openqa.selenium.chromium.ChromiumDriver lambda$new$4
WARNING: Unable to find version of CDP to use for 150.0.7871.24. You may need to include a dependency on a specific version of the CDP using something similar to `org.seleniumhq.selenium:selenium-devtools-v86:4.41.0` where the version ("v86") matches the version of the chromium-based browser you're using and the version number of the artifact is the same as Selenium's.
]]></system-err>
  </testcase>
  <testcase name="runScenario[&quot;confirmatio&quot;, &quot;Filters applied&quot;](2)" classname="cucumberOptions.TestRunner" time="219.018">
    <system-out><![CDATA[
@filterByPrice
&amp#27;[1mScenario:&amp#27;[22m confirmatio                                             &amp#27;[90m# src/test/resources/features/B_ApplyFiltersAndSortByPrice.feature:4&amp#27;[39m
https://www.amazon.in/s?k=laptop&crid=2SOLPXA0ZC057&sprefix=laptop%2Caps%2C302&ref=nb_sb_noss_2
  &amp#27;[32m✔&amp#27;[39m &amp#27;[32m&amp#27;[1mGiven &amp#27;[22mUser is viewing all products&amp#27;[39m                            &amp#27;[90m# stepDefinations.B_FiltersPrice.user_is_viewing_all_products()&amp#27;[39m
  &amp#27;[32m✔&amp#27;[39m &amp#27;[32m&amp#27;[1mWhen &amp#27;[22muser apply rating filter&amp#27;[39m                                 &amp#27;[90m# stepDefinations.B_FiltersPrice.user_apply_rating_filter()&amp#27;[39m
URL after brand filter: https://www.amazon.in/s?k=laptop&rh=p_72%3A1318476031%2Cp_123%3A308445&dc&crid=2SOLPXA0ZC057&qid=1782235841&rnid=91049095031&sprefix=laptop%2Caps%2C302&ref=sr_nr_p_123_1&ds=v1%3AiDnoFfAuc2hXqqTIIOAa1MrfK9FxlC5rCzkuydGhDig
  &amp#27;[32m✔&amp#27;[39m &amp#27;[32m&amp#27;[1mAnd &amp#27;[22muser also select a brand&amp#27;[39m                                  &amp#27;[90m# stepDefinations.B_FiltersPrice.user_also_select_a_brand()&amp#27;[39m
Products after filters: 22
  &amp#27;[32m✔&amp#27;[39m &amp#27;[32m&amp#27;[1mThen &amp#27;[22muser sees all the available products under these filters&amp#27;[39m &amp#27;[90m# stepDefinations.B_FiltersPrice.user_sees_all_the_available_products_under_these_filters()&amp#27;[39m
  &amp#27;[32m✔&amp#27;[39m &amp#27;[32m&amp#27;[1mWhen &amp#27;[22muser sort by price&amp#27;[39m                                       &amp#27;[90m# stepDefinations.B_FiltersPrice.user_sort_by_price()&amp#27;[39m
Organic prices captured: [45990, 49400, 49990, 50990, 50990, 51300, 51650, 51990, 51990, 51990, 53700, 53890]
Brand match: 12/12 organic titles contain 'HP'
  &amp#27;[32m✔&amp#27;[39m &amp#27;[32m&amp#27;[1mThen &amp#27;[22muser gets products in sorted price&amp#27;[39m                       &amp#27;[90m# stepDefinations.B_FiltersPrice.user_gets_products_in_sorted_price()&amp#27;[39m
]]></system-out>
  </testcase>
</testsuite>