<?xml version="1.0" encoding="UTF-8"?>
<!-- Generated by org.testng.reporters.JUnitReportReporter -->
<testsuite hostname="Chandras-MacBook-Pro.local" failures="0" tests="2" name="cucumberOptions.TestRunner" time="230.287" errors="0" timestamp="2026-06-23T23:04:16 IST" skipped="0">
  <testcase classname="cucumberOptions.TestRunner" name="runScenario" time="219.018"/>
  <testcase classname="cucumberOptions.TestRunner" name="runScenario" time="11.269"/>
</testsuite> <!-- cucumberOptions.TestRunner -->
